Using pre-set license
Built from '2020.3/staging' branch; Version is '2020.3.19f1 (68f137dc9bbe) revision 6877495'; Using compiler version '192528614'; Build Type 'Release'
OS: 'Windows 10 Pro; OS build 19043.1237; Version 2009; 64bit' Language: 'en' Physical Memory: 16301 MB
BatchMode: 1, IsHumanControllingUs: 0, StartBugReporterOnCrash: 0, Is64bit: 1, IsPro: 0

COMMAND LINE ARGUMENTS:
C:\Program Files\Unity\Hub\Editor\2020.3.19f1\Editor\Unity.exe
-adb2
-batchMode
-noUpm
-name
AssetImportWorker0
-projectPath
C:/Users/seanl/OneDrive/Desktop/unity GJ1/GameJamOne/Space
-logFile
Logs/AssetImportWorker0.log
-srvPort
50794
Successfully changed project path to: C:/Users/seanl/OneDrive/Desktop/unity GJ1/GameJamOne/Space
C:/Users/seanl/OneDrive/Desktop/unity GJ1/GameJamOne/Space
Using Asset Import Pipeline V2.
Refreshing native plugins compatible for Editor in 390.14 ms, found 4 plugins.
Preloading 0 native plugins for Editor in 0.00 ms.
Initialize engine version: 2020.3.19f1 (68f137dc9bbe)
[Subsystems] Discovering subsystems at path C:/Program Files/Unity/Hub/Editor/2020.3.19f1/Editor/Data/Resources/UnitySubsystems
[Subsystems] Discovering subsystems at path C:/Users/seanl/OneDrive/Desktop/unity GJ1/GameJamOne/Space/Assets
GfxDevice: creating device client; threaded=0
Direct3D:
    Version:  Direct3D 11.0 [level 11.1]
    Renderer: Intel(R) HD Graphics 520 (ID=0x1916)
    Vendor:   
    VRAM:     8150 MB
    Driver:   24.20.100.6293
Initialize mono
Mono path[0] = 'C:/Program Files/Unity/Hub/Editor/2020.3.19f1/Editor/Data/Managed'
Mono path[1] = 'C:/Program Files/Unity/Hub/Editor/2020.3.19f1/Editor/Data/MonoBleedingEdge/lib/mono/unityjit'
Mono config path = 'C:/Program Files/Unity/Hub/Editor/2020.3.19f1/Editor/Data/MonoBleedingEdge/etc'
Using monoOptions --debugger-agent=transport=dt_socket,embedding=1,server=y,suspend=n,address=127.0.0.1:56992
Begin MonoManager ReloadAssembly
Registering precompiled unity dll's ...
Register platform support module: C:/Program Files/Unity/Hub/Editor/2020.3.19f1/Editor/Data/PlaybackEngines/WindowsStandaloneSupport/UnityEditor.WindowsStandalone.Extensions.dll
Registered in 0.004796 seconds.
Native extension for WindowsStandalone target not found
Refreshing native plugins compatible for Editor in 389.19 ms, found 4 plugins.
Preloading 0 native plugins for Editor in 0.00 ms.
Mono: successfully reloaded assembly
- Completed reload, in  4.374 seconds
Domain Reload Profiling:
	ReloadAssembly (4375ms)
		BeginReloadAssembly (328ms)
			ExecutionOrderSort (0ms)
			DisableScriptedObjects (0ms)
			BackupInstance (0ms)
			ReleaseScriptingObjects (0ms)
			CreateAndSetChildDomain (2ms)
		EndReloadAssembly (1680ms)
			LoadAssemblies (319ms)
			RebuildTransferFunctionScriptingTraits (0ms)
			SetupTypeCache (528ms)
			ReleaseScriptCaches (0ms)
			RebuildScriptCaches (113ms)
			SetupLoadedEditorAssemblies (756ms)
				LogAssemblyErrors (0ms)
				InitializePlatformSupportModulesInManaged (9ms)
				SetLoadedEditorAssemblies (1ms)
				RefreshPlugins (389ms)
				BeforeProcessingInitializeOnLoad (51ms)
				ProcessInitializeOnLoadAttributes (233ms)
				ProcessInitializeOnLoadMethodAttributes (72ms)
				AfterProcessingInitializeOnLoad (0ms)
				EditorAssembliesLoaded (0ms)
			ExecutionOrderSort2 (0ms)
			AwakeInstancesAfterBackupRestoration (0ms)
Platform modules already initialized, skipping
Registering precompiled user dll's ...
Registered in 0.016590 seconds.
Begin MonoManager ReloadAssembly
Symbol file LoadedFromMemory doesn't match image C:\Users\seanl\OneDrive\Desktop\unity GJ1\GameJamOne\Space\Library\PackageCache\com.unity.visualscripting@1.6.1\Editor\VisualScripting.Core\Dependencies\YamlDotNet\Unity.VisualScripting.YamlDotNet.dll
Symbol file LoadedFromMemory doesn't match image C:\Users\seanl\OneDrive\Desktop\unity GJ1\GameJamOne\Space\Library\PackageCache\com.unity.visualscripting@1.6.1\Editor\VisualScripting.Core\Dependencies\DotNetZip\Unity.VisualScripting.IonicZip.dll
Native extension for WindowsStandalone target not found
Refreshing native plugins compatible for Editor in 407.75 ms, found 4 plugins.
Preloading 0 native plugins for Editor in 0.00 ms.
Mono: successfully reloaded assembly
- Completed reload, in  4.755 seconds
Domain Reload Profiling:
	ReloadAssembly (4757ms)
		BeginReloadAssembly (488ms)
			ExecutionOrderSort (0ms)
			DisableScriptedObjects (13ms)
			BackupInstance (0ms)
			ReleaseScriptingObjects (0ms)
			CreateAndSetChildDomain (41ms)
		EndReloadAssembly (4067ms)
			LoadAssemblies (328ms)
			RebuildTransferFunctionScriptingTraits (0ms)
			SetupTypeCache (1328ms)
			ReleaseScriptCaches (1ms)
			RebuildScriptCaches (199ms)
			SetupLoadedEditorAssemblies (1813ms)
				LogAssemblyErrors (0ms)
				InitializePlatformSupportModulesInManaged (13ms)
				SetLoadedEditorAssemblies (1ms)
				RefreshPlugins (408ms)
				BeforeProcessingInitializeOnLoad (335ms)
				ProcessInitializeOnLoadAttributes (975ms)
				ProcessInitializeOnLoadMethodAttributes (48ms)
				AfterProcessingInitializeOnLoad (32ms)
				EditorAssembliesLoaded (0ms)
			ExecutionOrderSort2 (0ms)
			AwakeInstancesAfterBackupRestoration (31ms)
Platform modules already initialized, skipping
========================================================================
Worker process is ready to serve import requests
Launched and connected shader compiler UnityShaderCompiler.exe after 0.30 seconds
Refreshing native plugins compatible for Editor in 3.39 ms, found 4 plugins.
Preloading 0 native plugins for Editor in 0.00 ms.
Unloading 4436 Unused Serialized files (Serialized files now loaded: 0)
System memory in use before: 156.5 MB.
System memory in use after: 156.8 MB.

Unloading 27 unused Assets to reduce memory usage. Loaded Objects now: 4867.
Total: 12.912900 ms (FindLiveObjects: 0.870500 ms CreateObjectMapping: 0.627200 ms MarkObjects: 11.122900 ms  DeleteObjects: 0.288900 ms)

AssetImportParameters requested are different than current active one (requested -> active):
  custom:framework-win-MediaFoundation: 216162199b28c13a410421893ffa2e32 -> 
  custom:video-decoder-ogg-theora: a1e56fd34408186e4bbccfd4996cb3dc -> 
  custom:container-muxer-webm: aa71ff27fc2769a1b78a27578f13a17b -> 
  custom:container-demuxer-webm: 4f35f7cbe854078d1ac9338744f61a02 -> 
  custom:container-demuxer-ogg: 62fdf1f143b41e24485cea50d1cbac27 -> 
  custom:video-encoder-webm-vp8: eb34c28f22e8b96e1ab97ce403110664 -> 
  custom:video-codec-MediaFoundation-h265: 746d11721c4dcdbdad8f713fa42b33f4 -> 
  custom:video-decoder-webm-vp8: 9c59270c3fd7afecdb556c50c9e8de78 -> 
  custom:audio-decoder-ogg-vorbis: bf7c407c2cedff20999df2af8eb42d56 -> 
  custom:audio-encoder-webm-vorbis: bf7c407c2cedff20999df2af8eb42d56 -> 
========================================================================
Received Import Request.
  path: Assets/Scenes/Jelly-fish-lady.png
  artifactKey: Guid(fc2466f7f4d0b5e49bba8b5291001d1c) Importer(815301076,1909f56bfc062723c751e8b465ee728b)
Start importing Assets/Scenes/Jelly-fish-lady.png using Guid(fc2466f7f4d0b5e49bba8b5291001d1c) Importer(815301076,1909f56bfc062723c751e8b465ee728b)  -> (artifact id: 'd184729087d028cf7b1a764b4a7db62f') in 0.490833 seconds 
  Import took 0.518794 seconds .

========================================================================
Received Import Request.
  Time since last request: 0.000145 seconds.
  path: Assets/Scenes/Space-man-HAPPY.png
  artifactKey: Guid(916129dc11a195e4889f38ce58d8f93f) Importer(815301076,1909f56bfc062723c751e8b465ee728b)
Start importing Assets/Scenes/Space-man-HAPPY.png using Guid(916129dc11a195e4889f38ce58d8f93f) Importer(815301076,1909f56bfc062723c751e8b465ee728b)  -> (artifact id: '48f7e88811a32dab97f40b91c9d5e74f') in 0.097254 seconds 
  Import took 0.127492 seconds .

========================================================================
Received Import Request.
  Time since last request: 0.001744 seconds.
  path: Assets/Scenes/Shark-mechanic.png
  artifactKey: Guid(ff3e93d9fd0ef424385e1a7f6a45b077) Importer(815301076,1909f56bfc062723c751e8b465ee728b)
Start importing Assets/Scenes/Shark-mechanic.png using Guid(ff3e93d9fd0ef424385e1a7f6a45b077) Importer(815301076,1909f56bfc062723c751e8b465ee728b)  -> (artifact id: 'b4438f2b5aaedd9bd476b6f72f7a2ff2') in 0.233867 seconds 
  Import took 0.279074 seconds .

========================================================================
Received Import Request.
  Time since last request: 9.774131 seconds.
  path: Assets/Pixel Adventure 1/Assets/Items/Fruits/Melon.png
  artifactKey: Guid(031678d507e557a41b7a16fc33bf6c39) Importer(815301076,1909f56bfc062723c751e8b465ee728b)
Start importing Assets/Pixel Adventure 1/Assets/Items/Fruits/Melon.png using Guid(031678d507e557a41b7a16fc33bf6c39) Importer(815301076,1909f56bfc062723c751e8b465ee728b)  -> (artifact id: '3a8df9b2f4b58a2b1c113c314d935d97') in 0.362687 seconds 
  Import took 0.403839 seconds .

========================================================================
Received Import Request.
  Time since last request: 1607.626049 seconds.
  path: Assets/Scenes/1.unity
  artifactKey: Guid(7d89b7fb806d0f54193e1cc6d3688809) Importer(815301076,1909f56bfc062723c751e8b465ee728b)
Start importing Assets/Scenes/1.unity using Guid(7d89b7fb806d0f54193e1cc6d3688809) Importer(815301076,1909f56bfc062723c751e8b465ee728b)  -> (artifact id: 'b0b227b4e51c549fde7069da6bacefc0') in 0.032832 seconds 
  Import took 0.066680 seconds .

========================================================================
Received Import Request.
  Time since last request: 10.339880 seconds.
  path: Assets/Scenes/3.unity
  artifactKey: Guid(fb74ce020cd45974aab3a386689fb42e) Importer(815301076,1909f56bfc062723c751e8b465ee728b)
Start importing Assets/Scenes/3.unity using Guid(fb74ce020cd45974aab3a386689fb42e) Importer(815301076,1909f56bfc062723c751e8b465ee728b)  -> (artifact id: 'f83b3ee4297e3fa0087147dc32cbfec8') in 0.037624 seconds 
  Import took 0.115697 seconds .

========================================================================
Received Import Request.
  Time since last request: 35.505065 seconds.
  path: Assets/FungusExamples/FungusExamples.asmdef
  artifactKey: Guid(d749be870df4c4048a9636146e66f475) Importer(815301076,1909f56bfc062723c751e8b465ee728b)
Start importing Assets/FungusExamples/FungusExamples.asmdef using Guid(d749be870df4c4048a9636146e66f475) Importer(815301076,1909f56bfc062723c751e8b465ee728b)  -> (artifact id: 'ab9c69c12d3256bfb47c266222b1ed81') in 0.106727 seconds 
  Import took 0.144977 seconds .

========================================================================
Received Import Request.
  Time since last request: 2.814668 seconds.
  path: Assets/Fungus/Fungus.asmdef
  artifactKey: Guid(007db7f7a4c8f944990d71603a110f82) Importer(815301076,1909f56bfc062723c751e8b465ee728b)
Start importing Assets/Fungus/Fungus.asmdef using Guid(007db7f7a4c8f944990d71603a110f82) Importer(815301076,1909f56bfc062723c751e8b465ee728b)  -> (artifact id: '2f474419ce3a051a765d0d0e280481c5') in 0.037652 seconds 
  Import took 0.080448 seconds .

========================================================================
Received Import Request.
  Time since last request: 296.209422 seconds.
  path: Assets/Scenes/Woman.prefab
  artifactKey: Guid(1d26e2a9d18c79c48a3c45b49f9337a9) Importer(815301076,1909f56bfc062723c751e8b465ee728b)
Start importing Assets/Scenes/Woman.prefab using Guid(1d26e2a9d18c79c48a3c45b49f9337a9) Importer(815301076,1909f56bfc062723c751e8b465ee728b)  -> (artifact id: '44cd437edd4c4ba2e076c62c41a674aa') in 0.063887 seconds 
  Import took 0.087213 seconds .

========================================================================
Received Import Request.
  Time since last request: 7.431695 seconds.
  path: Assets/Scenes/Woman.prefab
  artifactKey: Guid(1d26e2a9d18c79c48a3c45b49f9337a9) Importer(815301076,1909f56bfc062723c751e8b465ee728b)
Start importing Assets/Scenes/Woman.prefab using Guid(1d26e2a9d18c79c48a3c45b49f9337a9) Importer(815301076,1909f56bfc062723c751e8b465ee728b)  -> (artifact id: 'fdaf02212aa198f26dcc063b85ecc8f6') in 0.035796 seconds 
  Import took 0.060133 seconds .

AssetImportWorkerClient::OnTransportError - code=2 error=End of file
